<?xml version="1.0" encoding="UTF-8"?>
<!-- Generated by org.testng.reporters.JUnitXMLReporter -->
<testsuite ignored="0" hostname="DESKTOP-DICMO4H" failures="0" tests="2" name="Test" time="0.065" errors="0" timestamp="2020-03-19T11:21:21 IST">
  <testcase classname="com.projectexecution.DriverExecution_Test" name="@BeforeSuite lunchBrowser" time="22.198">
    <failure type="java.lang.AssertionError" message="Both Title are not Same! expected [Online Shopping site in India: Shop Online for Mobiles, Books, Watches, Shoes and More - Amazon.in] but found []">
      <![CDATA[java.lang.AssertionError: Both Title are not Same! expected [Online Shopping site in India: Shop Online for Mobiles, Books, Watches, Shoes and More - Amazon.in] but found []
at com.genericlib.Driver.LunchBrowser(Driver.java:31)
at com.projectexecution.DriverExecution_Test.lunchBrowser(DriverExecution_Test.java:22)
... Removed 23 stack frames]]>
    </failure>
  </testcase> <!-- @BeforeSuite lunchBrowser -->
  <testcase classname="com.projectexecution.DriverExecution_Test" name="f1" time="0.0">
    <skipped/>
  </testcase> <!-- f1 -->
  <testcase classname="com.projectexecution.VerifyLowPriceiPhone_Test" name="verifyLowPriceiPhone_TC01" time="0.0">
    <skipped/>
  </testcase> <!-- verifyLowPriceiPhone_TC01 -->
</testsuite> <!-- Test -->
